<?xml version="1.0" encoding="UTF-8"?>
<testng-results ignored="0" total="1" passed="1" failed="0" skipped="0">
  <reporter-output>
  </reporter-output>
  <suite started-at="2022-06-14T15:53:21 IST" name="Default suite" finished-at="2022-06-14T15:53:44 IST" duration-ms="22863">
    <groups>
    </groups>
    <test started-at="2022-06-14T15:53:21 IST" name="Default test" finished-at="2022-06-14T15:53:44 IST" duration-ms="22863">
      <class name="tasks.ValidationPage">
        <test-method is-config="true" signature="intialize()[pri:0, instance:tasks.ValidationPage@38cee291]" started-at="2022-06-14T15:53:15 IST" name="intialize" finished-at="2022-06-14T15:53:21 IST" duration-ms="6294" status="PASS">
          <reporter-output>
          </reporter-output>
        </test-method> <!-- intialize -->
        <test-method signature="logIn()[pri:0, instance:tasks.ValidationPage@38cee291]" started-at="2022-06-14T15:53:21 IST" name="logIn" finished-at="2022-06-14T15:53:44 IST" duration-ms="22780" status="PASS">
          <reporter-output>
          </reporter-output>
        </test-method> <!-- logIn -->
        <test-method is-config="true" signature="TearDown()[pri:0, instance:tasks.ValidationPage@38cee291]" started-at="2022-06-14T15:53:44 IST" name="TearDown" finished-at="2022-06-14T15:53:44 IST" duration-ms="258" status="PASS">
          <reporter-output>
          </reporter-output>
        </test-method> <!-- TearDown -->
      </class> <!-- tasks.ValidationPage -->
    </test> <!-- Default test -->
  </suite> <!-- Default suite -->
</testng-results>
